mode: set
github.com/lucasvictor3/bookingsbackend/internal/handlers/handlers.go:30.62,35.2 1 0
github.com/lucasvictor3/bookingsbackend/internal/handlers/handlers.go:38.51,43.2 1 1
github.com/lucasvictor3/bookingsbackend/internal/handlers/handlers.go:46.33,48.2 1 1
github.com/lucasvictor3/bookingsbackend/internal/handlers/handlers.go:51.67,58.2 3 1
github.com/lucasvictor3/bookingsbackend/internal/handlers/handlers.go:61.68,74.2 5 1
github.com/lucasvictor3/bookingsbackend/internal/handlers/handlers.go:77.74,79.9 2 1
github.com/lucasvictor3/bookingsbackend/internal/handlers/handlers.go:85.2,89.16 4 1
github.com/lucasvictor3/bookingsbackend/internal/handlers/handlers.go:95.2,110.4 8 1
github.com/lucasvictor3/bookingsbackend/internal/handlers/handlers.go:79.9,83.3 3 1
github.com/lucasvictor3/bookingsbackend/internal/handlers/handlers.go:89.16,93.3 3 1
github.com/lucasvictor3/bookingsbackend/internal/handlers/handlers.go:114.78,116.9 2 1
github.com/lucasvictor3/bookingsbackend/internal/handlers/handlers.go:122.2,123.16 2 1
github.com/lucasvictor3/bookingsbackend/internal/handlers/handlers.go:129.2,140.19 9 1
github.com/lucasvictor3/bookingsbackend/internal/handlers/handlers.go:151.2,152.16 2 1
github.com/lucasvictor3/bookingsbackend/internal/handlers/handlers.go:158.2,170.16 4 1
github.com/lucasvictor3/bookingsbackend/internal/handlers/handlers.go:176.2,176.66 1 1
github.com/lucasvictor3/bookingsbackend/internal/handlers/handlers.go:116.9,120.3 3 0
github.com/lucasvictor3/bookingsbackend/internal/handlers/handlers.go:123.16,127.3 3 0
github.com/lucasvictor3/bookingsbackend/internal/handlers/handlers.go:140.19,149.3 4 0
github.com/lucasvictor3/bookingsbackend/internal/handlers/handlers.go:152.16,156.3 3 0
github.com/lucasvictor3/bookingsbackend/internal/handlers/handlers.go:170.16,174.3 3 0
github.com/lucasvictor3/bookingsbackend/internal/handlers/handlers.go:181.71,183.2 1 1
github.com/lucasvictor3/bookingsbackend/internal/handlers/handlers.go:186.69,188.2 1 1
github.com/lucasvictor3/bookingsbackend/internal/handlers/handlers.go:191.75,193.2 1 1
github.com/lucasvictor3/bookingsbackend/internal/handlers/handlers.go:196.70,198.2 1 1
github.com/lucasvictor3/bookingsbackend/internal/handlers/handlers.go:201.79,206.16 4 0
github.com/lucasvictor3/bookingsbackend/internal/handlers/handlers.go:211.2,212.16 2 0
github.com/lucasvictor3/bookingsbackend/internal/handlers/handlers.go:217.2,217.21 1 0
github.com/lucasvictor3/bookingsbackend/internal/handlers/handlers.go:223.2,235.4 5 0
github.com/lucasvictor3/bookingsbackend/internal/handlers/handlers.go:206.16,209.3 2 0
github.com/lucasvictor3/bookingsbackend/internal/handlers/handlers.go:212.16,215.3 2 0
github.com/lucasvictor3/bookingsbackend/internal/handlers/handlers.go:217.21,221.3 3 0
github.com/lucasvictor3/bookingsbackend/internal/handlers/handlers.go:248.79,254.16 4 0
github.com/lucasvictor3/bookingsbackend/internal/handlers/handlers.go:259.2,262.16 3 0
github.com/lucasvictor3/bookingsbackend/internal/handlers/handlers.go:267.2,276.16 3 0
github.com/lucasvictor3/bookingsbackend/internal/handlers/handlers.go:281.2,283.14 3 0
github.com/lucasvictor3/bookingsbackend/internal/handlers/handlers.go:254.16,257.3 2 0
github.com/lucasvictor3/bookingsbackend/internal/handlers/handlers.go:262.16,265.3 2 0
github.com/lucasvictor3/bookingsbackend/internal/handlers/handlers.go:276.16,279.3 2 0
github.com/lucasvictor3/bookingsbackend/internal/handlers/handlers.go:287.81,289.9 2 0
github.com/lucasvictor3/bookingsbackend/internal/handlers/handlers.go:296.2,310.4 9 0
github.com/lucasvictor3/bookingsbackend/internal/handlers/handlers.go:289.9,294.3 4 0
github.com/lucasvictor3/bookingsbackend/internal/handlers/handlers.go:314.73,316.16 2 0
github.com/lucasvictor3/bookingsbackend/internal/handlers/handlers.go:321.2,324.9 3 0
github.com/lucasvictor3/bookingsbackend/internal/handlers/handlers.go:329.2,333.63 3 0
github.com/lucasvictor3/bookingsbackend/internal/handlers/handlers.go:316.16,319.3 2 0
github.com/lucasvictor3/bookingsbackend/internal/handlers/handlers.go:324.9,327.3 2 0
github.com/lucasvictor3/bookingsbackend/internal/handlers/handlers.go:337.71,343.16 5 0
github.com/lucasvictor3/bookingsbackend/internal/handlers/handlers.go:348.2,355.16 6 0
github.com/lucasvictor3/bookingsbackend/internal/handlers/handlers.go:360.2,364.63 3 0
github.com/lucasvictor3/bookingsbackend/internal/handlers/handlers.go:343.16,346.3 2 0
github.com/lucasvictor3/bookingsbackend/internal/handlers/handlers.go:355.16,358.3 2 0
github.com/lucasvictor3/bookingsbackend/internal/handlers/handlers.go:370.79,372.16 2 0
github.com/lucasvictor3/bookingsbackend/internal/handlers/handlers.go:376.2,376.22 1 0
github.com/lucasvictor3/bookingsbackend/internal/handlers/handlers.go:372.16,375.3 2 0
github.com/lucasvictor3/bookingsbackend/internal/handlers/handlers.go:379.80,384.16 3 0
github.com/lucasvictor3/bookingsbackend/internal/handlers/handlers.go:388.2,389.16 2 0
github.com/lucasvictor3/bookingsbackend/internal/handlers/handlers.go:393.2,393.32 1 0
github.com/lucasvictor3/bookingsbackend/internal/handlers/handlers.go:384.16,386.3 1 0
github.com/lucasvictor3/bookingsbackend/internal/handlers/handlers.go:389.16,391.3 1 0
